<testsuites id="" name="" tests="45" failures="0" skipped="1" errors="0" time="223.313461">
<testsuite name="visitor/01-homepage.spec.ts" timestamp="2025-10-20T22:24:08.874Z" hostname="chromium:visitor" tests="13" failures="0" skipped="1" time="108.134" errors="0">
<testcase name="Homepage &amp; Navigation - Visitor › should load homepage successfully" classname="visitor/01-homepage.spec.ts" time="12.075">
</testcase>
<testcase name="Homepage &amp; Navigation - Visitor › should display main navigation header" classname="visitor/01-homepage.spec.ts" time="9.379">
</testcase>
<testcase name="Homepage &amp; Navigation - Visitor › should have login button visible in header" classname="visitor/01-homepage.spec.ts" time="6.666">
</testcase>
<testcase name="Homepage &amp; Navigation - Visitor › should navigate to login when clicking login button" classname="visitor/01-homepage.spec.ts" time="12.037">
</testcase>
<testcase name="Homepage &amp; Navigation - Visitor › should have register/signup link in header" classname="visitor/01-homepage.spec.ts" time="8.018">
</testcase>
<testcase name="Homepage &amp; Navigation - Visitor › should display car catalog as default page" classname="visitor/01-homepage.spec.ts" time="8.498">
</testcase>
<testcase name="Homepage &amp; Navigation - Visitor › should have footer with links" classname="visitor/01-homepage.spec.ts" time="11.384">
</testcase>
<testcase name="Homepage &amp; Navigation - Visitor › should have terms and conditions link in footer" classname="visitor/01-homepage.spec.ts" time="7.748">
</testcase>
<testcase name="Homepage &amp; Navigation - Visitor › should navigate to terms page" classname="visitor/01-homepage.spec.ts" time="0">
<properties>
<property name="skip" value="">
</property>
</properties>
<skipped>
</skipped>
</testcase>
<testcase name="Homepage &amp; Navigation - Visitor › should have theme toggle (light/dark mode)" classname="visitor/01-homepage.spec.ts" time="7.781">
</testcase>
<testcase name="Homepage &amp; Navigation - Visitor › should be responsive (mobile viewport)" classname="visitor/01-homepage.spec.ts" time="9.297">
</testcase>
<testcase name="Homepage &amp; Navigation - Visitor › should have accessible logo with alt text" classname="visitor/01-homepage.spec.ts" time="6.149">
</testcase>
<testcase name="Homepage &amp; Navigation - Visitor › should redirect root to cars list" classname="visitor/01-homepage.spec.ts" time="9.102">
</testcase>
</testsuite>
<testsuite name="visitor/02-catalog-browse.spec.ts" timestamp="2025-10-20T22:24:08.874Z" hostname="chromium:visitor" tests="13" failures="0" skipped="0" time="174.498" errors="0">
<testcase name="Car Catalog Browse - Visitor › should load car catalog page" classname="visitor/02-catalog-browse.spec.ts" time="12.133">
</testcase>
<testcase name="Car Catalog Browse - Visitor › should display map view" classname="visitor/02-catalog-browse.spec.ts" time="16.966">
</testcase>
<testcase name="Car Catalog Browse - Visitor › should display premium cars panel" classname="visitor/02-catalog-browse.spec.ts" time="16.444">
</testcase>
<testcase name="Car Catalog Browse - Visitor › should have sort dropdown with options" classname="visitor/02-catalog-browse.spec.ts" time="12.579">
</testcase>
<testcase name="Car Catalog Browse - Visitor › should display car cards when cars available" classname="visitor/02-catalog-browse.spec.ts" time="15.673">
</testcase>
<testcase name="Car Catalog Browse - Visitor › should display car card with essential information" classname="visitor/02-catalog-browse.spec.ts" time="15.297">
</testcase>
<testcase name="Car Catalog Browse - Visitor › should display economy cars carousel" classname="visitor/02-catalog-browse.spec.ts" time="13.301">
</testcase>
<testcase name="Car Catalog Browse - Visitor › should have compare button on car cards" classname="visitor/02-catalog-browse.spec.ts" time="10.55">
</testcase>
<testcase name="Car Catalog Browse - Visitor › should display owner information on car cards" classname="visitor/02-catalog-browse.spec.ts" time="12.125">
</testcase>
<testcase name="Car Catalog Browse - Visitor › should handle clicking on car card" classname="visitor/02-catalog-browse.spec.ts" time="15.413">
</testcase>
<testcase name="Car Catalog Browse - Visitor › should be responsive on mobile viewport" classname="visitor/02-catalog-browse.spec.ts" time="12.317">
</testcase>
<testcase name="Car Catalog Browse - Visitor › should show filter controls" classname="visitor/02-catalog-browse.spec.ts" time="9.34">
</testcase>
<testcase name="Car Catalog Browse - Visitor › should have accessibility on interactive elements" classname="visitor/02-catalog-browse.spec.ts" time="12.36">
</testcase>
</testsuite>
<testsuite name="visitor/03-seo-links.spec.ts" timestamp="2025-10-20T22:24:08.874Z" hostname="chromium:visitor" tests="19" failures="0" skipped="0" time="143.695" errors="0">
<testcase name="SEO &amp; Links - Visitor › should have proper page title on homepage" classname="visitor/03-seo-links.spec.ts" time="7.727">
</testcase>
<testcase name="SEO &amp; Links - Visitor › should have meta description on homepage" classname="visitor/03-seo-links.spec.ts" time="6.594">
</testcase>
<testcase name="SEO &amp; Links - Visitor › should have Open Graph meta tags" classname="visitor/03-seo-links.spec.ts" time="8.741">
</testcase>
<testcase name="SEO &amp; Links - Visitor › should have Twitter Card meta tags" classname="visitor/03-seo-links.spec.ts" time="7.563">
</testcase>
<testcase name="SEO &amp; Links - Visitor › should have canonical URL" classname="visitor/03-seo-links.spec.ts" time="4.696">
</testcase>
<testcase name="SEO &amp; Links - Visitor › should have language attribute on html tag" classname="visitor/03-seo-links.spec.ts" time="6.16">
</testcase>
<testcase name="SEO &amp; Links - Visitor › should have favicon" classname="visitor/03-seo-links.spec.ts" time="6.319">
</testcase>
<testcase name="SEO &amp; Links - Visitor › should have proper page title on car catalog page" classname="visitor/03-seo-links.spec.ts" time="3.806">
</testcase>
<testcase name="SEO &amp; Links - Visitor › should have working internal navigation links" classname="visitor/03-seo-links.spec.ts" time="4.414">
</testcase>
<testcase name="SEO &amp; Links - Visitor › should have social media links in footer" classname="visitor/03-seo-links.spec.ts" time="9.554">
</testcase>
<testcase name="SEO &amp; Links - Visitor › should handle external links with proper attributes" classname="visitor/03-seo-links.spec.ts" time="7.347">
</testcase>
<testcase name="SEO &amp; Links - Visitor › should have breadcrumb navigation on car detail page" classname="visitor/03-seo-links.spec.ts" time="26.266">
</testcase>
<testcase name="SEO &amp; Links - Visitor › should have accessible robots.txt" classname="visitor/03-seo-links.spec.ts" time="0.394">
</testcase>
<testcase name="SEO &amp; Links - Visitor › should have structured data (JSON-LD) for SEO" classname="visitor/03-seo-links.spec.ts" time="8.086">
</testcase>
<testcase name="SEO &amp; Links - Visitor › should have proper heading hierarchy" classname="visitor/03-seo-links.spec.ts" time="7.708">
</testcase>
<testcase name="SEO &amp; Links - Visitor › should have alt text on important images" classname="visitor/03-seo-links.spec.ts" time="8.694">
</testcase>
<testcase name="SEO &amp; Links - Visitor › should have proper meta viewport for mobile" classname="visitor/03-seo-links.spec.ts" time="4.344">
</testcase>
<testcase name="SEO &amp; Links - Visitor › should have theme-color meta tag" classname="visitor/03-seo-links.spec.ts" time="5.176">
</testcase>
<testcase name="SEO &amp; Links - Visitor › should not have broken links on homepage" classname="visitor/03-seo-links.spec.ts" time="10.106">
</testcase>
</testsuite>
</testsuites>